[debug] ----------------------------------------------------------------------
[debug] Command:      C:\Program Files\nodejs\node.exe C:\Users\dsu.edi\AppData\Roaming\npm\node_modules\firebase-tools\bin\firebase deploy
[debug] CLI Version:  3.5.0
[debug] Platform:     win32
[debug] Node Version: v6.9.1
[debug] Time:         Sat Apr 15 2017 16:05:04 GMT+0800 (Malay Peninsula Standard Time)
[debug] ----------------------------------------------------------------------
[debug] 
[debug] > command requires scopes: ["email","openid","https://www.googleapis.com/auth/cloudplatformprojects.readonly","https://www.googleapis.com/auth/firebase"]
[debug] > refreshing access token with scopes: ["email","https://www.googleapis.com/auth/cloudplatformprojects.readonly","https://www.googleapis.com/auth/firebase","openid"]
[debug] >>> HTTP REQUEST POST https://www.googleapis.com/oauth2/v3/token { refresh_token: '1/7rfCDIHaRTJzX_mrziaNdBX2Eo1xN7Z9hr-d8MNtEyU',
  client_id: '563584335869-fgrhgmd47bqnekij5i8b5pr03ho849e6.apps.googleusercontent.com',
  client_secret: 'j9iVZfS8kkCEFUPaAeJV0sAi',
  grant_type: 'refresh_token',
  scope: 'email https://www.googleapis.com/auth/cloudplatformprojects.readonly https://www.googleapis.com/auth/firebase openid' } 
 Sat Apr 15 2017 16:05:05 GMT+0800 (Malay Peninsula Standard Time)
[debug] <<< HTTP RESPONSE 200
[debug] >>> HTTP REQUEST GET https://admin.firebase.com/v1/projects/bizsayaportal  
 Sat Apr 15 2017 16:05:05 GMT+0800 (Malay Peninsula Standard Time)
[debug] <<< HTTP RESPONSE 200
[debug] >>> HTTP REQUEST GET https://admin.firebase.com/v1/database/bizsayaportal/tokens  
 Sat Apr 15 2017 16:05:08 GMT+0800 (Malay Peninsula Standard Time)
[debug] <<< HTTP RESPONSE 200
[info] 
[info] === Deploying to 'bizsayaportal'...
[info] 
[info] i  deploying hosting
[info] i  hosting: preparing dist directory for upload...
[debug] >>> HTTP REQUEST PUT https://deploy.firebase.com/v1/hosting/bizsayaportal/uploads/-KhkdEsYs_0pxDjfg0j-?fileCount=204&message=  
 Sat Apr 15 2017 16:05:16 GMT+0800 (Malay Peninsula Standard Time)
[debug] ----------------------------------------------------------------------
[debug] Command:      C:\Program Files\nodejs\node.exe C:\Users\dsu.edi\AppData\Roaming\npm\node_modules\firebase-tools\bin\firebase deploy
[debug] CLI Version:  3.5.0
[debug] Platform:     win32
[debug] Node Version: v6.9.1
[debug] Time:         Sat Apr 15 2017 16:06:28 GMT+0800 (Malay Peninsula Standard Time)
[debug] ----------------------------------------------------------------------
[debug] 
[debug] > command requires scopes: ["email","openid","https://www.googleapis.com/auth/cloudplatformprojects.readonly","https://www.googleapis.com/auth/firebase"]
[debug] >>> HTTP REQUEST GET https://admin.firebase.com/v1/projects/bizsayaportal  
 Sat Apr 15 2017 16:06:28 GMT+0800 (Malay Peninsula Standard Time)
[debug] <<< HTTP RESPONSE 200
[debug] >>> HTTP REQUEST GET https://admin.firebase.com/v1/database/bizsayaportal/tokens  
 Sat Apr 15 2017 16:06:30 GMT+0800 (Malay Peninsula Standard Time)
[debug] <<< HTTP RESPONSE 200
[info] 
[info] === Deploying to 'bizsayaportal'...
[info] 
[info] i  deploying hosting
[info] i  hosting: preparing dist directory for upload...
[debug] >>> HTTP REQUEST PUT https://deploy.firebase.com/v1/hosting/bizsayaportal/uploads/-KhkdYvsognN-07r3hr8?fileCount=206&message=  
 Sat Apr 15 2017 16:06:37 GMT+0800 (Malay Peninsula Standard Time)
